<?xml version="1.0" encoding="UTF-8"?>
<!-- Generated by org.testng.reporters.JUnitXMLReporter -->
<testsuite hostname="PrivatePC" ignored="0" name="Test" tests="3" failures="0" timestamp="26 Dec 2022 13:41:57 GMT" time="0.125" errors="0">
  <testcase name="@BeforeMethod openApp" time="0.016" classname="generic.BaseTest">
    <failure type="java.lang.NullPointerException">
      <![CDATA[java.lang.NullPointerException
	at generic.BaseTest.openApp(BaseTest.java:25)
... Removed 27 stack frames]]>
    </failure>
  </testcase> <!-- @BeforeMethod openApp -->
  <testcase name="@BeforeMethod openApp" time="0.0" classname="generic.BaseTest">
    <failure type="java.lang.NullPointerException">
      <![CDATA[java.lang.NullPointerException
	at generic.BaseTest.openApp(BaseTest.java:25)
... Removed 27 stack frames]]>
    </failure>
  </testcase> <!-- @BeforeMethod openApp -->
  <testcase name="@BeforeMethod openApp" time="0.0" classname="generic.BaseTest">
    <failure type="java.lang.NullPointerException">
      <![CDATA[java.lang.NullPointerException
	at generic.BaseTest.openApp(BaseTest.java:25)
... Removed 27 stack frames]]>
    </failure>
  </testcase> <!-- @BeforeMethod openApp -->
  <testcase name="testValidLogin" time="0.0" classname="script.ValidLogin_Test">
    <skipped/>
  </testcase> <!-- testValidLogin -->
  <testcase name="testInvalidLogin" time="0.0" classname="script.InvalidLogin_Test">
    <skipped/>
  </testcase> <!-- testInvalidLogin -->
  <testcase name="testProductVerson" time="0.0" classname="script.VerifyProductVersion_Test">
    <skipped/>
  </testcase> <!-- testProductVerson -->
</testsuite> <!-- Test -->
